<?xml version="1.0" encoding="UTF-8"?>
<!-- Generated by org.testng.reporters.JUnitXMLReporter -->
<testsuite ignored="0" hostname="LAPTOP-8LDUCIAD" failures="1" tests="4" name="Regression7" time="37.364" errors="0" timestamp="04 Jan 2022 12:44:02 GMT">
  <testcase classname="com.people.utils.DriverInitialize" name="@AfterMethod stopexecution" time="1.306">
    <skipped/>
  </testcase> <!-- @AfterMethod stopexecution -->
  <testcase classname="com.people.utils.DriverInitialize" name="@AfterMethod stopexecution" time="0.0">
    <skipped/>
  </testcase> <!-- @AfterMethod stopexecution -->
  <testcase classname="com.people.utils.DriverInitialize" name="@AfterMethod stopexecution" time="0.0">
    <skipped/>
  </testcase> <!-- @AfterMethod stopexecution -->
  <testcase classname="com.people.utils.DriverInitialize" name="@AfterMethod stopexecution" time="0.0">
    <skipped/>
  </testcase> <!-- @AfterMethod stopexecution -->
  <testcase classname="com.people.utils.DriverInitialize" name="@AfterClass CloseDriver" time="0.0">
    <skipped/>
  </testcase> <!-- @AfterClass CloseDriver -->
  <testcase classname="com.people.main.PeopleHr_Test" name="Add_Product" time="30.066">
    <failure type="java.lang.NullPointerException">
      <![CDATA[java.lang.NullPointerException
at com.people.main.PeopleHr_Test.Add_Product(PeopleHr_Test.java:66)
at java.base/jdk.internal.reflect.NativeMethodAccessorImpl.invoke0(Native Method)
at java.base/jdk.internal.reflect.NativeMethodAccessorImpl.invoke(NativeMethodAccessorImpl.java:62)
at java.base/jdk.internal.reflect.DelegatingMethodAccessorImpl.invoke(DelegatingMethodAccessorImpl.java:43)
at java.base/java.lang.reflect.Method.invoke(Method.java:566)
at org.testng.internal.MethodInvocationHelper.invokeMethod(MethodInvocationHelper.java:124)
at org.testng.internal.Invoker.invokeMethod(Invoker.java:583)
at org.testng.internal.Invoker.invokeTestMethod(Invoker.java:719)
at org.testng.internal.Invoker.invokeTestMethods(Invoker.java:989)
at org.testng.internal.TestMethodWorker.invokeTestMethods(TestMethodWorker.java:125)
at org.testng.internal.TestMethodWorker.run(TestMethodWorker.java:109)
at org.testng.TestRunner.privateRun(TestRunner.java:648)
at org.testng.TestRunner.run(TestRunner.java:505)
at org.testng.SuiteRunner.runTest(SuiteRunner.java:455)
at org.testng.SuiteRunner.runSequentially(SuiteRunner.java:450)
at org.testng.SuiteRunner.privateRun(SuiteRunner.java:415)
at org.testng.SuiteRunner.run(SuiteRunner.java:364)
at org.testng.SuiteRunnerWorker.runSuite(SuiteRunnerWorker.java:52)
at org.testng.SuiteRunnerWorker.run(SuiteRunnerWorker.java:84)
at org.testng.TestNG.runSuitesSequentially(TestNG.java:1208)
at org.testng.TestNG.runSuitesLocally(TestNG.java:1137)
at org.testng.TestNG.runSuites(TestNG.java:1049)
at org.testng.TestNG.run(TestNG.java:1017)
at org.testng.remote.AbstractRemoteTestNG.run(AbstractRemoteTestNG.java:115)
at org.testng.remote.RemoteTestNG.initAndRun(RemoteTestNG.java:251)
at org.testng.remote.RemoteTestNG.main(RemoteTestNG.java:77)
]]>
    </failure>
  </testcase> <!-- Add_Product -->
  <testcase classname="com.people.main.PeopleHr_Test" name="Checkout_Product" time="0.0">
    <skipped/>
  </testcase> <!-- Checkout_Product -->
  <testcase classname="com.people.main.PeopleHr_Test" name="Logout" time="0.0">
    <skipped/>
  </testcase> <!-- Logout -->
  <testcase classname="com.people.main.PeopleHr_Test" name="Sauce_Login_Dashboard" time="0.0">
    <skipped/>
  </testcase> <!-- Sauce_Login_Dashboard -->
</testsuite> <!-- Regression7 -->
